-------------------------------------------------------------------------------
Test set: com.hafsaaek.api.APITokenManagerTest
-------------------------------------------------------------------------------
Tests run: 4, Failures: 0, Errors: 4, Skipped: 0, Time elapsed: 0.223 s <<< FAILURE! - in com.hafsaaek.api.APITokenManagerTest
com.hafsaaek.api.APITokenManagerTest.testEnvVariableValiditySL  Time elapsed: 0.089 s  <<< ERROR!
java.lang.reflect.InaccessibleObjectException: Unable to make field final java.util.Map java.util.Collections$UnmodifiableMap.m accessible: module java.base does not "opens java.util" to unnamed module @445b84c0

com.hafsaaek.api.APITokenManagerTest.testEnvVariableValiditySR  Time elapsed: 0.074 s  <<< ERROR!
java.lang.reflect.InaccessibleObjectException: Unable to make field final java.util.Map java.util.Collections$UnmodifiableMap.m accessible: module java.base does not "opens java.util" to unnamed module @445b84c0

com.hafsaaek.api.APITokenManagerTest.testSytemPropertyValidity  Time elapsed: 0.02 s  <<< ERROR!
java.lang.reflect.InaccessibleObjectException: Unable to make field final java.util.Map java.util.Collections$UnmodifiableMap.m accessible: module java.base does not "opens java.util" to unnamed module @445b84c0

com.hafsaaek.api.APITokenManagerTest.testNeither  Time elapsed: 0 s  <<< ERROR!
java.lang.reflect.InaccessibleObjectException: Unable to make field final java.util.Map java.util.Collections$UnmodifiableMap.m accessible: module java.base does not "opens java.util" to unnamed module @445b84c0

