<?xml version="1.0" encoding="UTF-8"?>
<testsuite xmlns:xsi="http://www.w3.org/2001/XMLSchema-instance" xsi:noNamespaceSchemaLocation="https://maven.apache.org/surefire/maven-surefire-plugin/xsd/surefire-test-report-3.0.xsd" version="3.0" name="com.hafsaaek.api.APIServiceTest" time="2.265" tests="2" errors="2" skipped="0" failures="0">
  <properties>
[...]
</properties>
  <testcase name="getInvalidResponse" classname="com.hafsaaek.api.APIServiceTest" time="2.243">
    <error message="&#10;when() requires an argument which has to be &apos;a method call on a mock&apos;.&#10;For example:&#10;    when(mock.getArticles()).thenReturn(articles);&#10;&#10;Also, this error might show up because:&#10;1. you stub either of: final/private/equals()/hashCode() methods.&#10;   Those methods *cannot* be stubbed/verified.&#10;   Mocking methods declared on non-public parent classes is not supported.&#10;2. inside when() you don&apos;t call method on mock but on some other object.&#10;" type="org.mockito.exceptions.misusing.MissingMethodInvocationException"><![CDATA[org.mockito.exceptions.misusing.MissingMethodInvocationException: 

when() requires an argument which has to be 'a method call on a mock'.
For example:
    when(mock.getArticles()).thenReturn(articles);

Also, this error might show up because:
1. you stub either of: final/private/equals()/hashCode() methods.
   Those methods *cannot* be stubbed/verified.
   Mocking methods declared on non-public parent classes is not supported.
2. inside when() you don't call method on mock but on some other object.

	at com.hafsaaek.api.APIServiceTest.setUpMock(APIServiceTest.java:27)
]]></error>
    <system-err><![CDATA[WARNING: A Java agent has been loaded dynamically (/Users/hafsaelmi/.m2/repository/net/bytebuddy/byte-buddy-agent/1.14.6/byte-buddy-agent-1.14.6.jar)
WARNING: If a serviceability tool is in use, please run with -XX:+EnableDynamicAgentLoading to hide this warning
WARNING: If a serviceability tool is not in use, please run with -Djdk.instrument.traceUsage for more information
WARNING: Dynamic loading of agents will be disallowed by default in a future release
]]></system-err>
  </testcase>
  <testcase name="getInternalServerError" classname="com.hafsaaek.api.APIServiceTest" time="0.004">
    <error message="&#10;when() requires an argument which has to be &apos;a method call on a mock&apos;.&#10;For example:&#10;    when(mock.getArticles()).thenReturn(articles);&#10;&#10;Also, this error might show up because:&#10;1. you stub either of: final/private/equals()/hashCode() methods.&#10;   Those methods *cannot* be stubbed/verified.&#10;   Mocking methods declared on non-public parent classes is not supported.&#10;2. inside when() you don&apos;t call method on mock but on some other object.&#10;" type="org.mockito.exceptions.misusing.MissingMethodInvocationException"><![CDATA[org.mockito.exceptions.misusing.MissingMethodInvocationException: 

when() requires an argument which has to be 'a method call on a mock'.
For example:
    when(mock.getArticles()).thenReturn(articles);

Also, this error might show up because:
1. you stub either of: final/private/equals()/hashCode() methods.
   Those methods *cannot* be stubbed/verified.
   Mocking methods declared on non-public parent classes is not supported.
2. inside when() you don't call method on mock but on some other object.

	at com.hafsaaek.api.APIServiceTest.setUpMock(APIServiceTest.java:27)
]]></error>
  </testcase>
</testsuite>